2019-02-15 01:45:41 INFO  JavaRushTasksProjectComponent.projectOpened(69) - ---------- Project JavaRushTasks opened ----------
2019-02-15 01:45:41 INFO  JavaRushTasksProjectComponent.projectOpened(70) - ---------- Version 3.25 ----------

2019-02-15 01:45:41 INFO  JavaRushTasksProjectComponent.setAutoscrolls(344) - Autoscrolls успешно установлены
2019-02-15 01:45:43 INFO  ApacheHttpClient.login(233) - Ожидание ответа сервера.
2019-02-15 01:45:43 INFO  ApacheHttpClient.login(233) - Ожидание ответа сервера.
2019-02-15 01:45:43 INFO  ApacheHttpClient.login(237) - responseCode = 200
2019-02-15 01:45:43 INFO  ApacheHttpClient.login(268) - JSESSIONID OK
2019-02-15 01:45:43 INFO  ApacheHttpClient.refreshUserInfo(296) - responseCode = 200
2019-02-15 01:45:43 INFO  ApacheHttpClient.refreshUserInfo(302) - Информация о пользователе получена.
2019-02-15 01:45:43 INFO  ApacheHttpClient.startGA(33) - GAService запущен.
2019-02-15 01:45:43 INFO  AbstractRestApiClient.startService(70) - EventsService запущен.
2019-02-15 02:10:21 ERROR ApacheHttpClient.getServerAvailabilityStatus(558) - Ошибка во время проверки доступности сервера. : java.util.concurrent.ExecutionException
2019-02-15 02:10:21 WARN  SelectTaskButton.isServerAvailable(74) - Сервер Javarush недоступен. Подождите немного, перезапустите IntelliJ IDEA и повторите попытку.
2019-02-15 02:11:34 INFO  ApacheHttpClient.getWebResourceAsStream(492) - responseCode = 200
2019-02-15 02:11:35 INFO  ApacheHttpClient.getFilteredTasks(329) - responseCode = 200
2019-02-15 02:11:43 INFO  ApacheHttpClient.getFilteredTasks(329) - responseCode = 200
2019-02-15 02:11:46 INFO  ApacheHttpClient.getFilteredTasks(329) - responseCode = 200
2019-02-15 02:13:25 ERROR ApacheHttpClient.getServerAvailabilityStatus(558) - Ошибка во время проверки доступности сервера. : java.util.concurrent.ExecutionException
2019-02-15 02:13:25 WARN  SelectTaskButton.isServerAvailable(74) - Сервер Javarush недоступен. Подождите немного, перезапустите IntelliJ IDEA и повторите попытку.
2019-02-15 02:13:36 INFO  ApacheHttpClient.getWebResourceAsStream(492) - responseCode = 200
2019-02-15 02:13:36 INFO  ApacheHttpClient.getFilteredTasks(329) - responseCode = 200
2019-02-15 02:13:40 INFO  ApacheHttpClient.getTaskTemplateInfo(346) - responseCode = 200
2019-02-15 02:13:43 INFO  ApacheHttpClient.testConnection(188) - responseCode = 200
2019-02-15 02:13:43 INFO  ApacheHttpClient.testConnection(203) - result = true
2019-02-15 02:13:44 INFO  ApacheHttpClient.sendEvent(525) - responseCode = 200
2019-02-15 02:13:45 INFO  ApacheHttpClient.testConnection(188) - responseCode = 200
2019-02-15 02:13:45 INFO  ApacheHttpClient.testConnection(203) - result = true
2019-02-15 02:13:45 ERROR NoSwingUnderWriteAction.error(118) - AWT events are not allowed inside write action: java.awt.event.InvocationEvent[INVOCATION_DEFAULT,runnable=sun.awt.GlobalCursorManager$NativeUpdater@7cc4aef6,notifier=null,catchExceptions=false,when=1550186020837] on sun.awt.windows.WToolkit@60593d8f
java.lang.Throwable: AWT events are not allowed inside write action: java.awt.event.InvocationEvent[INVOCATION_DEFAULT,runnable=sun.awt.GlobalCursorManager$NativeUpdater@7cc4aef6,notifier=null,catchExceptions=false,when=1550186020837] on sun.awt.windows.WToolkit@60593d8f
	at com.intellij.openapi.diagnostic.Logger.error(Logger.java:123)
	at com.intellij.openapi.application.impl.NoSwingUnderWriteAction.lambda$watchForEvents$0(NoSwingUnderWriteAction.java:36)
	at com.intellij.ide.IdeEventQueue.dispatchEvent(IdeEventQueue.java:406)
	at java.awt.EventDispatchThread.pumpOneEventForFilters(EventDispatchThread.java:201)
	at java.awt.EventDispatchThread.pumpEventsForFilter(EventDispatchThread.java:116)
	at java.awt.EventDispatchThread.pumpEventsForHierarchy(EventDispatchThread.java:105)
	at java.awt.EventDispatchThread.pumpEvents(EventDispatchThread.java:101)
	at java.awt.EventDispatchThread.pumpEvents(EventDispatchThread.java:93)
	at java.awt.WaitDispatchSupport$2.run(WaitDispatchSupport.java:188)
	at java.awt.WaitDispatchSupport$4.run(WaitDispatchSupport.java:235)
	at java.awt.WaitDispatchSupport$4.run(WaitDispatchSupport.java:233)
	at java.security.AccessController.doPrivileged(Native Method)
	at java.awt.WaitDispatchSupport.enter(WaitDispatchSupport.java:233)
	at javafx.embed.swing.JFXPanel.initFx(JFXPanel.java:239)
	at javafx.embed.swing.JFXPanel.<init>(JFXPanel.java:264)
	at com.javarush.plugin.panel.ConditionPanel.getConditionInnerPanel(ConditionPanel.java:64)
	at com.javarush.plugin.panel.ConditionPanel.<init>(ConditionPanel.java:41)
	at com.javarush.plugin.TestEditor.<init>(TestEditor.java:48)
	at com.javarush.plugin.TestEditorProvider.createEditor(TestEditorProvider.java:66)
	at com.intellij.openapi.fileEditor.impl.FileEditorManagerImpl.lambda$openFileImpl4$9(FileEditorManagerImpl.java:850)
	at com.intellij.openapi.application.impl.ApplicationImpl.invokeAndWait(ApplicationImpl.java:643)
	at com.intellij.openapi.application.impl.ApplicationImpl.invokeAndWait(ApplicationImpl.java:656)
	at com.intellij.openapi.fileEditor.impl.FileEditorManagerImpl.openFileImpl4(FileEditorManagerImpl.java:947)
	at com.intellij.openapi.fileEditor.impl.FileEditorManagerImpl.openFileImpl3(FileEditorManagerImpl.java:776)
	at com.intellij.openapi.fileEditor.impl.FileEditorManagerImpl.lambda$openFileImpl2$4(FileEditorManagerImpl.java:758)
	at com.intellij.openapi.command.impl.CoreCommandProcessor.executeCommand(CoreCommandProcessor.java:137)
	at com.intellij.openapi.command.impl.CoreCommandProcessor.executeCommand(CoreCommandProcessor.java:95)
	at com.intellij.openapi.command.impl.CoreCommandProcessor.executeCommand(CoreCommandProcessor.java:85)
	at com.intellij.openapi.command.impl.CoreCommandProcessor.executeCommand(CoreCommandProcessor.java:71)
	at com.intellij.openapi.fileEditor.impl.FileEditorManagerImpl.openFileImpl2(FileEditorManagerImpl.java:758)
	at com.intellij.openapi.fileEditor.impl.FileEditorManagerImpl.openFileWithProviders(FileEditorManagerImpl.java:689)
	at com.intellij.openapi.fileEditor.ex.FileEditorManagerEx.openFile(FileEditorManagerEx.java:149)
	at com.javarush.plugin.TaskInfoSelectorMouseListener$WriteTaskTemplateAction.run(TaskInfoSelectorMouseListener.java:496)
	at com.intellij.openapi.application.impl.ApplicationImpl.runWriteAction(ApplicationImpl.java:1010)
	at com.javarush.plugin.TaskInfoSelectorMouseListener.selectTask(TaskInfoSelectorMouseListener.java:130)
	at com.javarush.plugin.TaskInfoSelectorMouseListener.mouseClicked(TaskInfoSelectorMouseListener.java:88)
	at java.awt.AWTEventMulticaster.mouseClicked(AWTEventMulticaster.java:270)
	at java.awt.Component.processMouseEvent(Component.java:6551)
	at javax.swing.JComponent.processMouseEvent(JComponent.java:3325)
	at java.awt.Component.processEvent(Component.java:6313)
	at java.awt.Container.processEvent(Container.java:2237)
	at java.awt.Component.dispatchEventImpl(Component.java:4903)
	at java.awt.Container.dispatchEventImpl(Container.java:2295)
	at java.awt.Component.dispatchEvent(Component.java:4725)
	at java.awt.LightweightDispatcher.retargetMouseEvent(Container.java:4889)
	at java.awt.LightweightDispatcher.processMouseEvent(Container.java:4535)
	at java.awt.LightweightDispatcher.dispatchEvent(Container.java:4467)
	at java.awt.Container.dispatchEventImpl(Container.java:2281)
	at java.awt.Window.dispatchEventImpl(Window.java:2746)
	at java.awt.Component.dispatchEvent(Component.java:4725)
	at java.awt.EventQueue.dispatchEventImpl(EventQueue.java:764)
	at java.awt.EventQueue.access$500(EventQueue.java:98)
	at java.awt.EventQueue$3.run(EventQueue.java:715)
	at java.awt.EventQueue$3.run(EventQueue.java:709)
	at java.security.AccessController.doPrivileged(Native Method)
	at java.security.ProtectionDomain$JavaSecurityAccessImpl.doIntersectionPrivilege(ProtectionDomain.java:80)
	at java.security.ProtectionDomain$JavaSecurityAccessImpl.doIntersectionPrivilege(ProtectionDomain.java:90)
	at java.awt.EventQueue$4.run(EventQueue.java:737)
	at java.awt.EventQueue$4.run(EventQueue.java:735)
	at java.security.AccessController.doPrivileged(Native Method)
	at java.security.ProtectionDomain$JavaSecurityAccessImpl.doIntersectionPrivilege(ProtectionDomain.java:80)
	at java.awt.EventQueue.dispatchEvent(EventQueue.java:734)
	at com.intellij.ide.IdeEventQueue.defaultDispatchEvent(IdeEventQueue.java:786)
	at com.intellij.ide.IdeEventQueue._dispatchEvent(IdeEventQueue.java:723)
	at com.intellij.ide.IdeEventQueue.dispatchEvent(IdeEventQueue.java:395)
	at java.awt.EventDispatchThread.pumpOneEventForFilters(EventDispatchThread.java:201)
	at java.awt.EventDispatchThread.pumpEventsForFilter(EventDispatchThread.java:116)
	at java.awt.EventDispatchThread.pumpEventsForFilter(EventDispatchThread.java:109)
	at java.awt.WaitDispatchSupport$2.run(WaitDispatchSupport.java:190)
	at java.awt.WaitDispatchSupport$4.run(WaitDispatchSupport.java:235)
	at java.awt.WaitDispatchSupport$4.run(WaitDispatchSupport.java:233)
	at java.security.AccessController.doPrivileged(Native Method)
	at java.awt.WaitDispatchSupport.enter(WaitDispatchSupport.java:233)
	at java.awt.Dialog.show(Dialog.java:1077)
	at com.intellij.openapi.ui.impl.DialogWrapperPeerImpl$MyDialog.show(DialogWrapperPeerImpl.java:694)
	at com.intellij.openapi.ui.impl.DialogWrapperPeerImpl.show(DialogWrapperPeerImpl.java:426)
	at com.intellij.openapi.ui.DialogWrapper.invokeShow(DialogWrapper.java:1688)
	at com.intellij.openapi.ui.DialogWrapper.show(DialogWrapper.java:1637)
	at com.javarush.plugin.button.SelectTaskButton.actionPerformed(SelectTaskButton.java:24)
	at com.intellij.openapi.actionSystem.ex.ActionUtil$1.run(ActionUtil.java:220)
	at com.intellij.openapi.actionSystem.ex.ActionUtil.performActionDumbAware(ActionUtil.java:237)
	at com.intellij.openapi.keymap.impl.IdeKeyEventDispatcher$1.performAction(IdeKeyEventDispatcher.java:578)
	at com.intellij.openapi.keymap.impl.IdeKeyEventDispatcher.lambda$processAction$2(IdeKeyEventDispatcher.java:627)
	at com.intellij.openapi.application.TransactionGuardImpl.performUserActivity(TransactionGuardImpl.java:195)
	at com.intellij.openapi.keymap.impl.IdeKeyEventDispatcher.processAction(IdeKeyEventDispatcher.java:626)
	at com.intellij.openapi.keymap.impl.IdeKeyEventDispatcher.inInitState(IdeKeyEventDispatcher.java:478)
	at com.intellij.openapi.keymap.impl.IdeKeyEventDispatcher.dispatchKeyEvent(IdeKeyEventDispatcher.java:212)
	at com.intellij.ide.IdeEventQueue._dispatchEvent(IdeEventQueue.java:702)
	at com.intellij.ide.IdeEventQueue.dispatchEvent(IdeEventQueue.java:395)
	at java.awt.EventDispatchThread.pumpOneEventForFilters(EventDispatchThread.java:201)
	at java.awt.EventDispatchThread.pumpEventsForFilter(EventDispatchThread.java:116)
	at java.awt.EventDispatchThread.pumpEventsForHierarchy(EventDispatchThread.java:105)
	at java.awt.EventDispatchThread.pumpEvents(EventDispatchThread.java:101)
	at java.awt.EventDispatchThread.pumpEvents(EventDispatchThread.java:93)
	at java.awt.EventDispatchThread.run(EventDispatchThread.java:82)
2019-02-15 02:13:45 ERROR NoSwingUnderWriteAction.logErrorHeader(126) - IntelliJ IDEA 2018.1.7  Build #IU-181.5540.23
2019-02-15 02:13:45 ERROR NoSwingUnderWriteAction.logErrorHeader(133) - JDK: 1.8.0_152-release
2019-02-15 02:13:45 ERROR NoSwingUnderWriteAction.logErrorHeader(134) - VM: OpenJDK 64-Bit Server VM
2019-02-15 02:13:45 ERROR NoSwingUnderWriteAction.logErrorHeader(135) - Vendor: JetBrains s.r.o
2019-02-15 02:13:45 ERROR NoSwingUnderWriteAction.logErrorHeader(136) - OS: Windows 7
2019-02-15 02:13:45 ERROR NoSwingUnderWriteAction.logErrorHeader(142) - Last Action: TaskChooser
2019-02-15 02:13:45 ERROR NoSwingUnderWriteAction.logErrorHeader(149) - Current Command: 
2019-02-15 02:13:45 INFO  ApacheHttpClient.getTaskTemplateInfo(346) - responseCode = 200
2019-02-15 02:13:47 INFO  ApacheHttpClient.testConnection(188) - responseCode = 200
2019-02-15 02:13:47 INFO  ApacheHttpClient.testConnection(203) - result = true
2019-02-15 02:13:49 INFO  ApacheHttpClient.testConnection(188) - responseCode = 200
2019-02-15 02:13:49 INFO  ApacheHttpClient.testConnection(203) - result = true
2019-02-15 02:13:54 INFO  ApacheHttpClient.getWebResourceAsStream(492) - responseCode = 200
2019-02-15 02:13:55 INFO  ApacheHttpClient.getWebResourceAsStream(492) - responseCode = 200
2019-02-15 02:14:44 INFO  ApacheHttpClient.sendEvent(525) - responseCode = 200
2019-02-15 02:15:44 INFO  ApacheHttpClient.sendEvent(525) - responseCode = 200
2019-02-15 02:16:28 INFO  ApacheHttpClient.testConnection(188) - responseCode = 200
2019-02-15 02:16:28 INFO  ApacheHttpClient.testConnection(203) - result = true
2019-02-15 02:16:44 INFO  ApacheHttpClient.sendEvent(525) - responseCode = 200
2019-02-15 02:17:15 INFO  ApacheHttpClient.getWebResourceAsStream(492) - responseCode = 200
2019-02-15 02:17:16 INFO  ApacheHttpClient.getTask(477) - responseCode = 200
2019-02-15 02:17:16 INFO  ApacheHttpClient.getWebResourceAsStream(492) - responseCode = 200
2019-02-15 02:17:16 ERROR TaskFailed.run(19) - Запрос проверки задания был завершен некорректно. Убедитесь в доступности сети и попробуйте снова. : java.io.IOException
2019-02-15 02:17:24 INFO  ApacheHttpClient.getWebResourceAsStream(492) - responseCode = 200
2019-02-15 02:17:25 INFO  ApacheHttpClient.getWebResourceAsStream(492) - responseCode = 200
2019-02-15 02:17:25 INFO  ApacheHttpClient.getTask(477) - responseCode = 200
2019-02-15 02:17:26 INFO  ApacheHttpClient.completed(27) - responseCode = 200
2019-02-15 02:17:26 INFO  ApacheHttpClient.getTask(477) - responseCode = 200
2019-02-15 02:17:38 INFO  ApacheHttpClient.getWebResourceAsStream(492) - responseCode = 200
2019-02-15 02:17:38 INFO  ApacheHttpClient.getFilteredTasks(329) - responseCode = 200
2019-02-15 02:17:40 INFO  ApacheHttpClient.getTaskTemplateInfo(346) - responseCode = 200
2019-02-15 02:17:42 INFO  ApacheHttpClient.testConnection(188) - responseCode = 200
2019-02-15 02:17:42 INFO  ApacheHttpClient.testConnection(203) - result = true
2019-02-15 02:17:44 INFO  ApacheHttpClient.sendEvent(525) - responseCode = 200
2019-02-15 02:17:44 INFO  ApacheHttpClient.testConnection(188) - responseCode = 200
2019-02-15 02:17:44 INFO  ApacheHttpClient.testConnection(203) - result = true
2019-02-15 02:17:44 INFO  ApacheHttpClient.getWebResourceAsStream(492) - responseCode = 200
2019-02-15 02:18:44 INFO  ApacheHttpClient.sendEvent(525) - responseCode = 200
2019-02-15 02:19:44 INFO  ApacheHttpClient.sendEvent(525) - responseCode = 200
2019-02-15 02:20:44 INFO  ApacheHttpClient.sendEvent(525) - responseCode = 200
2019-02-15 02:21:44 INFO  ApacheHttpClient.sendEvent(525) - responseCode = 200
2019-02-15 02:22:44 INFO  ApacheHttpClient.sendEvent(525) - responseCode = 200
2019-02-15 02:23:44 INFO  ApacheHttpClient.sendEvent(525) - responseCode = 200
2019-02-15 02:24:10 INFO  ApacheHttpClient.getWebResourceAsStream(492) - responseCode = 200
2019-02-15 02:24:10 ERROR ApacheHttpClient.getTask(482) - Ошибка во время выгрузки задачи. Убедитесь в доступности сети и попробуйте снова. : java.util.concurrent.ExecutionException
2019-02-15 02:24:10 ERROR TaskFailed.run(19) - Запрос проверки задания был завершен некорректно. Убедитесь в доступности сети и попробуйте снова. : java.io.IOException
2019-02-15 02:24:10 INFO  ApacheHttpClient.getWebResourceAsStream(492) - responseCode = 200
2019-02-15 02:24:18 INFO  ApacheHttpClient.getWebResourceAsStream(492) - responseCode = 200
2019-02-15 02:24:19 INFO  ApacheHttpClient.getWebResourceAsStream(492) - responseCode = 200
2019-02-15 02:24:19 INFO  ApacheHttpClient.getTask(477) - responseCode = 200
2019-02-15 02:24:21 INFO  ApacheHttpClient.completed(27) - responseCode = 200
2019-02-15 02:24:21 INFO  ApacheHttpClient.getTask(477) - responseCode = 200
2019-02-15 02:24:29 INFO  ApacheHttpClient.getWebResourceAsStream(492) - responseCode = 200
2019-02-15 02:24:29 INFO  ApacheHttpClient.getFilteredTasks(329) - responseCode = 200
2019-02-15 02:24:32 INFO  ApacheHttpClient.getTaskTemplateInfo(346) - responseCode = 200
2019-02-15 02:24:34 INFO  ApacheHttpClient.testConnection(188) - responseCode = 200
2019-02-15 02:24:34 INFO  ApacheHttpClient.testConnection(203) - result = true
2019-02-15 02:24:35 INFO  ApacheHttpClient.testConnection(188) - responseCode = 200
2019-02-15 02:24:35 INFO  ApacheHttpClient.testConnection(203) - result = true
2019-02-15 02:24:35 INFO  ApacheHttpClient.getWebResourceAsStream(492) - responseCode = 200
2019-02-15 02:24:44 INFO  ApacheHttpClient.sendEvent(525) - responseCode = 200
2019-02-15 02:25:44 INFO  ApacheHttpClient.sendEvent(525) - responseCode = 200
2019-02-15 02:26:44 INFO  ApacheHttpClient.sendEvent(525) - responseCode = 200
2019-02-15 02:27:44 INFO  ApacheHttpClient.sendEvent(525) - responseCode = 200
2019-02-15 02:28:44 INFO  ApacheHttpClient.sendEvent(525) - responseCode = 200
2019-02-15 02:29:44 INFO  ApacheHttpClient.sendEvent(525) - responseCode = 200
2019-02-15 02:30:44 INFO  ApacheHttpClient.sendEvent(525) - responseCode = 200
2019-02-15 02:31:44 INFO  ApacheHttpClient.sendEvent(525) - responseCode = 200
2019-02-15 02:31:57 INFO  ApacheHttpClient.getWebResourceAsStream(492) - responseCode = 200
2019-02-15 02:31:58 ERROR ApacheHttpClient.getTask(482) - Ошибка во время выгрузки задачи. Убедитесь в доступности сети и попробуйте снова. : java.util.concurrent.ExecutionException
2019-02-15 02:31:58 ERROR TaskFailed.run(19) - Запрос проверки задания был завершен некорректно. Убедитесь в доступности сети и попробуйте снова. : java.io.IOException
2019-02-15 02:31:58 INFO  ApacheHttpClient.getWebResourceAsStream(492) - responseCode = 200
2019-02-15 02:32:02 INFO  ApacheHttpClient.getWebResourceAsStream(492) - responseCode = 200
2019-02-15 02:32:02 INFO  ApacheHttpClient.getTask(477) - responseCode = 200
2019-02-15 02:32:02 INFO  ApacheHttpClient.getWebResourceAsStream(492) - responseCode = 200
2019-02-15 02:32:04 INFO  ApacheHttpClient.completed(27) - responseCode = 200
2019-02-15 02:32:04 INFO  ApacheHttpClient.getTask(477) - responseCode = 200
2019-02-15 02:32:44 INFO  ApacheHttpClient.sendEvent(525) - responseCode = 200
2019-02-15 02:33:11 INFO  ApacheHttpClient.getWebResourceAsStream(492) - responseCode = 200
2019-02-15 02:33:11 INFO  ApacheHttpClient.getFilteredTasks(329) - responseCode = 200
2019-02-15 02:33:17 INFO  ApacheHttpClient.getTaskTemplateInfo(346) - responseCode = 200
2019-02-15 02:33:22 INFO  ApacheHttpClient.testConnection(188) - responseCode = 200
2019-02-15 02:33:22 INFO  ApacheHttpClient.testConnection(203) - result = true
2019-02-15 02:33:24 INFO  ApacheHttpClient.testConnection(188) - responseCode = 200
2019-02-15 02:33:24 INFO  ApacheHttpClient.testConnection(203) - result = true
2019-02-15 02:33:24 INFO  ApacheHttpClient.getWebResourceAsStream(492) - responseCode = 200
2019-02-15 02:33:44 INFO  ApacheHttpClient.sendEvent(525) - responseCode = 200
2019-02-15 02:34:44 INFO  ApacheHttpClient.sendEvent(525) - responseCode = 200
2019-02-15 02:35:21 INFO  ApacheHttpClient.getWebResourceAsStream(492) - responseCode = 200
2019-02-15 02:35:21 ERROR ApacheHttpClient.getTask(482) - Ошибка во время выгрузки задачи. Убедитесь в доступности сети и попробуйте снова. : java.util.concurrent.ExecutionException
2019-02-15 02:35:21 ERROR TaskFailed.run(19) - Запрос проверки задания был завершен некорректно. Убедитесь в доступности сети и попробуйте снова. : java.io.IOException
2019-02-15 02:35:21 INFO  ApacheHttpClient.getWebResourceAsStream(492) - responseCode = 200
2019-02-15 02:35:27 INFO  ApacheHttpClient.getWebResourceAsStream(492) - responseCode = 200
2019-02-15 02:35:28 INFO  ApacheHttpClient.getTask(477) - responseCode = 200
2019-02-15 02:35:28 INFO  ApacheHttpClient.getWebResourceAsStream(492) - responseCode = 200
2019-02-15 02:35:29 INFO  ApacheHttpClient.completed(27) - responseCode = 200
2019-02-15 02:35:29 INFO  ApacheHttpClient.getTask(477) - responseCode = 200
2019-02-15 02:35:35 INFO  ApacheHttpClient.getWebResourceAsStream(492) - responseCode = 200
2019-02-15 02:35:35 INFO  ApacheHttpClient.getFilteredTasks(329) - responseCode = 200
2019-02-15 02:35:39 INFO  ApacheHttpClient.getTaskTemplateInfo(346) - responseCode = 200
2019-02-15 02:35:41 INFO  ApacheHttpClient.testConnection(188) - responseCode = 200
2019-02-15 02:35:41 INFO  ApacheHttpClient.testConnection(203) - result = true
2019-02-15 02:35:43 INFO  ApacheHttpClient.testConnection(188) - responseCode = 200
2019-02-15 02:35:43 INFO  ApacheHttpClient.testConnection(203) - result = true
2019-02-15 02:35:43 INFO  ApacheHttpClient.getWebResourceAsStream(492) - responseCode = 200
2019-02-15 02:35:44 INFO  ApacheHttpClient.sendEvent(525) - responseCode = 200
2019-02-15 02:36:44 INFO  ApacheHttpClient.sendEvent(525) - responseCode = 200
2019-02-15 02:37:44 INFO  ApacheHttpClient.sendEvent(525) - responseCode = 200
2019-02-15 02:38:44 INFO  ApacheHttpClient.sendEvent(525) - responseCode = 200
2019-02-15 02:39:44 INFO  ApacheHttpClient.sendEvent(525) - responseCode = 200
2019-02-15 02:40:44 INFO  ApacheHttpClient.sendEvent(525) - responseCode = 200
2019-02-15 02:41:44 INFO  ApacheHttpClient.sendEvent(525) - responseCode = 200
2019-02-15 02:42:44 INFO  ApacheHttpClient.sendEvent(525) - responseCode = 200
2019-02-15 02:43:44 INFO  ApacheHttpClient.sendEvent(525) - responseCode = 200
2019-02-15 02:44:44 INFO  ApacheHttpClient.sendEvent(525) - responseCode = 200
2019-02-15 02:45:44 INFO  ApacheHttpClient.sendEvent(525) - responseCode = 200
2019-02-15 02:46:44 INFO  ApacheHttpClient.sendEvent(525) - responseCode = 200
2019-02-15 02:47:44 INFO  ApacheHttpClient.sendEvent(525) - responseCode = 200
2019-02-15 02:48:44 INFO  ApacheHttpClient.sendEvent(525) - responseCode = 200
2019-02-15 02:49:44 INFO  ApacheHttpClient.sendEvent(525) - responseCode = 200
2019-02-15 02:50:44 INFO  ApacheHttpClient.sendEvent(525) - responseCode = 200
2019-02-15 02:51:44 INFO  ApacheHttpClient.sendEvent(525) - responseCode = 200
2019-02-15 02:52:44 INFO  ApacheHttpClient.sendEvent(525) - responseCode = 200
2019-02-15 02:53:44 INFO  ApacheHttpClient.sendEvent(525) - responseCode = 200
2019-02-15 02:54:44 INFO  ApacheHttpClient.sendEvent(525) - responseCode = 200
2019-02-15 02:55:44 INFO  ApacheHttpClient.sendEvent(525) - responseCode = 200
2019-02-15 02:56:44 INFO  ApacheHttpClient.sendEvent(525) - responseCode = 200
2019-02-15 02:57:44 INFO  ApacheHttpClient.sendEvent(525) - responseCode = 200
2019-02-15 02:58:44 INFO  ApacheHttpClient.sendEvent(525) - responseCode = 200
2019-02-15 02:59:44 INFO  ApacheHttpClient.sendEvent(525) - responseCode = 200
2019-02-15 03:00:44 INFO  ApacheHttpClient.sendEvent(525) - responseCode = 200
2019-02-15 03:01:44 INFO  ApacheHttpClient.sendEvent(525) - responseCode = 200
2019-02-15 03:02:44 INFO  ApacheHttpClient.sendEvent(525) - responseCode = 200
2019-02-15 03:03:44 INFO  ApacheHttpClient.sendEvent(525) - responseCode = 200
2019-02-15 03:04:44 INFO  ApacheHttpClient.sendEvent(525) - responseCode = 200
2019-02-15 03:05:44 INFO  ApacheHttpClient.sendEvent(525) - responseCode = 200
2019-02-15 03:06:44 INFO  ApacheHttpClient.sendEvent(525) - responseCode = 200
2019-02-15 03:07:44 INFO  ApacheHttpClient.sendEvent(525) - responseCode = 200
2019-02-15 03:08:44 INFO  ApacheHttpClient.sendEvent(525) - responseCode = 200
2019-02-15 03:09:44 INFO  ApacheHttpClient.sendEvent(525) - responseCode = 200
2019-02-15 03:10:44 INFO  ApacheHttpClient.sendEvent(525) - responseCode = 200
2019-02-15 03:11:44 INFO  ApacheHttpClient.sendEvent(525) - responseCode = 200
2019-02-15 03:12:44 INFO  ApacheHttpClient.sendEvent(525) - responseCode = 200
2019-02-15 03:13:44 INFO  ApacheHttpClient.sendEvent(525) - responseCode = 200
2019-02-15 03:14:44 INFO  ApacheHttpClient.sendEvent(525) - responseCode = 200
2019-02-15 03:15:44 INFO  ApacheHttpClient.sendEvent(525) - responseCode = 200
2019-02-15 03:16:44 INFO  ApacheHttpClient.sendEvent(525) - responseCode = 200
2019-02-15 03:16:44 INFO  ApacheHttpClient.sendEvent(525) - responseCode = 200
2019-02-15 03:17:44 INFO  ApacheHttpClient.sendEvent(525) - responseCode = 200
2019-02-15 03:17:44 INFO  ApacheHttpClient.sendEvent(525) - responseCode = 200
2019-02-15 03:18:44 INFO  ApacheHttpClient.sendEvent(525) - responseCode = 200
2019-02-15 03:18:44 INFO  ApacheHttpClient.sendEvent(525) - responseCode = 200
2019-02-15 03:19:17 INFO  ApacheHttpClient.getWebResourceAsStream(492) - responseCode = 200
2019-02-15 03:19:17 INFO  ApacheHttpClient.getFilteredTasks(329) - responseCode = 200
2019-02-15 03:19:20 INFO  ApacheHttpClient.getTaskTemplateInfo(346) - responseCode = 200
2019-02-15 03:19:31 INFO  ApacheHttpClient.getWebResourceAsStream(492) - responseCode = 200
2019-02-15 03:19:31 ERROR ApacheHttpClient.getTask(482) - Ошибка во время выгрузки задачи. Убедитесь в доступности сети и попробуйте снова. : java.util.concurrent.ExecutionException
2019-02-15 03:19:31 ERROR TaskFailed.run(19) - Запрос проверки задания был завершен некорректно. Убедитесь в доступности сети и попробуйте снова. : java.io.IOException
2019-02-15 03:19:31 INFO  ApacheHttpClient.getWebResourceAsStream(492) - responseCode = 200
2019-02-15 03:19:37 INFO  ApacheHttpClient.getWebResourceAsStream(492) - responseCode = 200
2019-02-15 03:19:38 INFO  ApacheHttpClient.getTask(477) - responseCode = 200
2019-02-15 03:19:38 INFO  ApacheHttpClient.getWebResourceAsStream(492) - responseCode = 200
2019-02-15 03:19:39 INFO  ApacheHttpClient.completed(27) - responseCode = 200
2019-02-15 03:19:39 INFO  ApacheHttpClient.getTask(477) - responseCode = 200
2019-02-15 03:19:44 INFO  ApacheHttpClient.sendEvent(525) - responseCode = 200
2019-02-15 03:19:44 INFO  ApacheHttpClient.sendEvent(525) - responseCode = 200
2019-02-15 03:19:45 INFO  ApacheHttpClient.getWebResourceAsStream(492) - responseCode = 200
2019-02-15 03:19:45 INFO  ApacheHttpClient.getFilteredTasks(329) - responseCode = 200
2019-02-15 03:19:47 INFO  ApacheHttpClient.getTaskTemplateInfo(346) - responseCode = 200
2019-02-15 03:19:49 INFO  ApacheHttpClient.testConnection(188) - responseCode = 200
2019-02-15 03:19:49 INFO  ApacheHttpClient.testConnection(203) - result = true
2019-02-15 03:19:51 INFO  ApacheHttpClient.testConnection(188) - responseCode = 200
2019-02-15 03:19:51 INFO  ApacheHttpClient.testConnection(203) - result = true
2019-02-15 03:19:51 INFO  ApacheHttpClient.getWebResourceAsStream(492) - responseCode = 200
2019-02-15 03:20:36 INFO  JavaRushTasksProjectComponent.projectClosing(166) - ---------- Project JavaRushTasks closed ----------

2019-02-15 03:20:36 INFO  ApacheHttpClient.getTask(477) - responseCode = 200
2019-02-15 03:20:36 INFO  ApacheHttpClient.getTask(477) - responseCode = 200
2019-02-15 03:20:36 INFO  ApacheHttpClient.getTask(477) - responseCode = 200
2019-02-15 03:20:37 INFO  ApacheHttpClient.getTask(477) - responseCode = 200
2019-02-15 03:20:37 INFO  ApacheHttpClient.getTask(477) - responseCode = 200
2019-02-15 03:20:37 INFO  ApacheHttpClient.getTask(477) - responseCode = 200
2019-02-15 03:22:24 INFO  JavaRushTasksProjectComponent.projectOpened(69) - ---------- Project JavaRushTasks opened ----------
2019-02-15 03:22:24 INFO  JavaRushTasksProjectComponent.projectOpened(70) - ---------- Version 3.25 ----------

2019-02-15 03:22:24 INFO  JavaRushTasksProjectComponent.setAutoscrolls(344) - Autoscrolls успешно установлены
2019-02-15 03:22:27 INFO  ApacheHttpClient.createAsyncHttpClient(130) - Выбрано 1 прокси. Тип : DIRECT
2019-02-15 03:22:27 INFO  ApacheHttpClient.<init>(88) - ApacheHttpClient проинстанциирован успешно.
2019-02-15 03:22:28 INFO  ApacheHttpClient.testConnection(188) - responseCode = 200
2019-02-15 03:22:28 INFO  ApacheHttpClient.testConnection(203) - result = true
2019-02-15 03:22:29 INFO  ApacheHttpClient.login(233) - Ожидание ответа сервера.
2019-02-15 03:22:29 INFO  ApacheHttpClient.login(233) - Ожидание ответа сервера.
2019-02-15 03:22:29 INFO  ApacheHttpClient.login(237) - responseCode = 200
2019-02-15 03:22:29 INFO  ApacheHttpClient.login(268) - JSESSIONID OK
2019-02-15 03:22:29 INFO  ApacheHttpClient.refreshUserInfo(296) - responseCode = 200
2019-02-15 03:22:29 INFO  ApacheHttpClient.refreshUserInfo(302) - Информация о пользователе получена.
2019-02-15 03:22:29 INFO  ApacheHttpClient.startGA(33) - GAService запущен.
2019-02-15 03:22:29 INFO  AbstractRestApiClient.startService(70) - EventsService запущен.
2019-02-15 03:22:38 INFO  ApacheHttpClient.testConnection(188) - responseCode = 200
2019-02-15 03:22:38 INFO  ApacheHttpClient.testConnection(203) - result = true
2019-02-15 03:22:40 INFO  ApacheHttpClient.testConnection(188) - responseCode = 200
2019-02-15 03:22:40 INFO  ApacheHttpClient.testConnection(203) - result = true
2019-02-15 03:22:53 INFO  ApacheHttpClient.getWebResourceAsStream(492) - responseCode = 200
2019-02-15 03:23:29 INFO  ApacheHttpClient.sendEvent(525) - responseCode = 200
2019-02-15 03:23:46 INFO  ApacheHttpClient.testConnection(188) - responseCode = 200
2019-02-15 03:23:46 INFO  ApacheHttpClient.testConnection(203) - result = true
2019-02-15 03:23:49 INFO  ApacheHttpClient.testConnection(188) - responseCode = 200
2019-02-15 03:23:49 INFO  ApacheHttpClient.testConnection(203) - result = true
2019-02-15 03:23:51 INFO  ApacheHttpClient.testConnection(188) - responseCode = 200
2019-02-15 03:23:51 INFO  ApacheHttpClient.testConnection(203) - result = true
2019-02-15 03:24:29 INFO  ApacheHttpClient.sendEvent(525) - responseCode = 200
2019-02-15 03:25:29 INFO  ApacheHttpClient.sendEvent(525) - responseCode = 200
2019-02-15 03:26:29 INFO  ApacheHttpClient.sendEvent(525) - responseCode = 200
2019-02-15 03:27:29 INFO  ApacheHttpClient.sendEvent(525) - responseCode = 200
2019-02-15 03:27:32 INFO  ApacheHttpClient.getWebResourceAsStream(492) - responseCode = 200
2019-02-15 03:27:32 INFO  ApacheHttpClient.getWebResourceAsStream(492) - responseCode = 200
2019-02-15 03:27:32 INFO  ApacheHttpClient.getTask(477) - responseCode = 200
2019-02-15 03:27:34 INFO  ApacheHttpClient.completed(27) - responseCode = 200
2019-02-15 03:28:29 INFO  ApacheHttpClient.sendEvent(525) - responseCode = 200
2019-02-15 03:29:29 INFO  ApacheHttpClient.sendEvent(525) - responseCode = 200
2019-02-15 03:30:29 ERROR ApacheHttpClient.processExceptionSendEvent(104) - (super) Ошибка во время отправки ивента на сервер.
2019-02-15 03:31:29 ERROR ApacheHttpClient.processExceptionSendEvent(104) - (super) Ошибка во время отправки ивента на сервер.
2019-02-15 03:31:37 ERROR ApacheHttpClient.getServerAvailabilityStatus(558) - Ошибка во время проверки доступности сервера. : java.util.concurrent.ExecutionException
2019-02-15 03:31:37 WARN  ValidateButton.isServerAvailable(74) - Сервер Javarush недоступен. Подождите немного, перезапустите IntelliJ IDEA и повторите попытку.
2019-02-15 03:31:43 INFO  ApacheHttpClient.getWebResourceAsStream(492) - responseCode = 200
2019-02-15 03:31:44 INFO  ApacheHttpClient.getWebResourceAsStream(492) - responseCode = 200
2019-02-15 03:31:44 INFO  ApacheHttpClient.getTask(477) - responseCode = 200
2019-02-15 03:31:46 INFO  ApacheHttpClient.completed(27) - responseCode = 200
2019-02-15 03:31:46 INFO  ApacheHttpClient.getTask(477) - responseCode = 200
2019-02-15 03:31:54 INFO  ApacheHttpClient.getWebResourceAsStream(492) - responseCode = 200
2019-02-15 03:31:54 INFO  ApacheHttpClient.getFilteredTasks(329) - responseCode = 200
2019-02-15 03:31:56 INFO  ApacheHttpClient.getTaskTemplateInfo(346) - responseCode = 200
2019-02-15 03:31:57 INFO  ApacheHttpClient.testConnection(188) - responseCode = 200
2019-02-15 03:31:57 INFO  ApacheHttpClient.testConnection(203) - result = true
2019-02-15 03:31:59 INFO  ApacheHttpClient.testConnection(188) - responseCode = 200
2019-02-15 03:31:59 INFO  ApacheHttpClient.testConnection(203) - result = true
2019-02-15 03:32:00 INFO  ApacheHttpClient.getWebResourceAsStream(492) - responseCode = 200
2019-02-15 03:32:29 INFO  ApacheHttpClient.sendEvent(525) - responseCode = 200
2019-02-15 03:33:29 INFO  ApacheHttpClient.sendEvent(525) - responseCode = 200
2019-02-15 03:34:29 INFO  ApacheHttpClient.sendEvent(525) - responseCode = 200
2019-02-15 03:34:36 INFO  ApacheHttpClient.getWebResourceAsStream(492) - responseCode = 200
2019-02-15 03:34:36 ERROR ApacheHttpClient.getTask(482) - Ошибка во время выгрузки задачи. Убедитесь в доступности сети и попробуйте снова. : java.util.concurrent.ExecutionException
2019-02-15 03:34:36 ERROR TaskFailed.run(19) - Запрос проверки задания был завершен некорректно. Убедитесь в доступности сети и попробуйте снова. : java.io.IOException
2019-02-15 03:34:36 INFO  ApacheHttpClient.getWebResourceAsStream(492) - responseCode = 200
2019-02-15 03:34:39 INFO  ApacheHttpClient.getWebResourceAsStream(492) - responseCode = 200
2019-02-15 03:34:39 INFO  ApacheHttpClient.getTask(477) - responseCode = 200
2019-02-15 03:34:40 INFO  ApacheHttpClient.getWebResourceAsStream(492) - responseCode = 200
2019-02-15 03:34:40 INFO  ApacheHttpClient.completed(27) - responseCode = 200
2019-02-15 03:34:40 INFO  ApacheHttpClient.getTask(477) - responseCode = 200
2019-02-15 03:34:45 INFO  ApacheHttpClient.getWebResourceAsStream(492) - responseCode = 200
2019-02-15 03:34:45 INFO  ApacheHttpClient.getFilteredTasks(329) - responseCode = 200
2019-02-15 03:34:47 INFO  ApacheHttpClient.getTaskTemplateInfo(346) - responseCode = 200
2019-02-15 03:34:49 INFO  ApacheHttpClient.testConnection(188) - responseCode = 200
2019-02-15 03:34:49 INFO  ApacheHttpClient.testConnection(203) - result = true
2019-02-15 03:34:51 INFO  ApacheHttpClient.testConnection(188) - responseCode = 200
2019-02-15 03:34:51 INFO  ApacheHttpClient.testConnection(203) - result = true
2019-02-15 03:34:51 INFO  ApacheHttpClient.getWebResourceAsStream(492) - responseCode = 200
2019-02-15 03:35:29 INFO  ApacheHttpClient.sendEvent(525) - responseCode = 200
2019-02-15 03:36:30 INFO  ApacheHttpClient.sendEvent(525) - responseCode = 200
2019-02-15 03:37:29 INFO  ApacheHttpClient.sendEvent(525) - responseCode = 200
2019-02-15 03:37:57 INFO  ApacheHttpClient.getWebResourceAsStream(492) - responseCode = 200
2019-02-15 03:37:57 ERROR ApacheHttpClient.getTask(482) - Ошибка во время выгрузки задачи. Убедитесь в доступности сети и попробуйте снова. : java.util.concurrent.ExecutionException
2019-02-15 03:37:57 ERROR TaskFailed.run(19) - Запрос проверки задания был завершен некорректно. Убедитесь в доступности сети и попробуйте снова. : java.io.IOException
2019-02-15 03:37:57 INFO  ApacheHttpClient.getWebResourceAsStream(492) - responseCode = 200
2019-02-15 03:38:00 INFO  ApacheHttpClient.getWebResourceAsStream(492) - responseCode = 200
2019-02-15 03:38:00 INFO  ApacheHttpClient.getWebResourceAsStream(492) - responseCode = 200
2019-02-15 03:38:00 INFO  ApacheHttpClient.getTask(477) - responseCode = 200
2019-02-15 03:38:02 INFO  ApacheHttpClient.completed(27) - responseCode = 200
2019-02-15 03:38:02 INFO  ApacheHttpClient.getTask(477) - responseCode = 200
2019-02-15 03:38:30 INFO  ApacheHttpClient.sendEvent(525) - responseCode = 200
2019-02-15 03:38:32 INFO  ApacheHttpClient.getWebResourceAsStream(492) - responseCode = 200
2019-02-15 03:38:33 INFO  ApacheHttpClient.getFilteredTasks(329) - responseCode = 200
2019-02-15 03:38:35 INFO  ApacheHttpClient.getTaskTemplateInfo(346) - responseCode = 200
2019-02-15 03:38:36 INFO  ApacheHttpClient.testConnection(188) - responseCode = 200
2019-02-15 03:38:36 INFO  ApacheHttpClient.testConnection(203) - result = true
2019-02-15 03:38:38 INFO  ApacheHttpClient.testConnection(188) - responseCode = 200
2019-02-15 03:38:38 INFO  ApacheHttpClient.testConnection(203) - result = true
2019-02-15 03:38:38 INFO  ApacheHttpClient.getWebResourceAsStream(492) - responseCode = 200
2019-02-15 03:38:38 INFO  ApacheHttpClient.getTaskTemplateInfo(346) - responseCode = 200
2019-02-15 03:38:40 INFO  ApacheHttpClient.testConnection(188) - responseCode = 200
2019-02-15 03:38:40 INFO  ApacheHttpClient.testConnection(203) - result = true
2019-02-15 03:38:41 INFO  ApacheHttpClient.testConnection(188) - responseCode = 200
2019-02-15 03:38:41 INFO  ApacheHttpClient.testConnection(203) - result = true
2019-02-15 03:38:41 INFO  ApacheHttpClient.getWebResourceAsStream(492) - responseCode = 200
2019-02-15 03:39:29 INFO  ApacheHttpClient.sendEvent(525) - responseCode = 200
2019-02-15 03:40:08 INFO  ApacheHttpClient.getWebResourceAsStream(492) - responseCode = 200
2019-02-15 03:40:08 ERROR ApacheHttpClient.getTask(482) - Ошибка во время выгрузки задачи. Убедитесь в доступности сети и попробуйте снова. : java.util.concurrent.ExecutionException
2019-02-15 03:40:08 ERROR TaskFailed.run(19) - Запрос проверки задания был завершен некорректно. Убедитесь в доступности сети и попробуйте снова. : java.io.IOException
2019-02-15 03:40:08 INFO  ApacheHttpClient.getWebResourceAsStream(492) - responseCode = 200
2019-02-15 03:40:11 INFO  ApacheHttpClient.getWebResourceAsStream(492) - responseCode = 200
2019-02-15 03:40:11 INFO  ApacheHttpClient.getWebResourceAsStream(492) - responseCode = 200
2019-02-15 03:40:11 INFO  ApacheHttpClient.getTask(477) - responseCode = 200
2019-02-15 03:40:13 INFO  ApacheHttpClient.completed(27) - responseCode = 200
2019-02-15 03:40:13 INFO  ApacheHttpClient.getTask(477) - responseCode = 200
2019-02-15 03:40:17 INFO  ApacheHttpClient.getWebResourceAsStream(492) - responseCode = 200
2019-02-15 03:40:17 INFO  ApacheHttpClient.getFilteredTasks(329) - responseCode = 200
2019-02-15 03:40:19 INFO  ApacheHttpClient.getTaskTemplateInfo(346) - responseCode = 200
2019-02-15 03:40:21 INFO  ApacheHttpClient.testConnection(188) - responseCode = 200
2019-02-15 03:40:21 INFO  ApacheHttpClient.testConnection(203) - result = true
2019-02-15 03:40:23 INFO  ApacheHttpClient.testConnection(188) - responseCode = 200
2019-02-15 03:40:23 INFO  ApacheHttpClient.testConnection(203) - result = true
2019-02-15 03:40:23 INFO  ApacheHttpClient.getWebResourceAsStream(492) - responseCode = 200
2019-02-15 03:40:23 INFO  ApacheHttpClient.getTaskTemplateInfo(346) - responseCode = 200
2019-02-15 03:40:25 INFO  ApacheHttpClient.testConnection(188) - responseCode = 200
2019-02-15 03:40:25 INFO  ApacheHttpClient.testConnection(203) - result = true
2019-02-15 03:40:26 INFO  ApacheHttpClient.testConnection(188) - responseCode = 200
2019-02-15 03:40:26 INFO  ApacheHttpClient.testConnection(203) - result = true
2019-02-15 03:40:26 INFO  ApacheHttpClient.getWebResourceAsStream(492) - responseCode = 200
2019-02-15 03:40:29 INFO  ApacheHttpClient.sendEvent(525) - responseCode = 200
2019-02-15 03:41:29 INFO  ApacheHttpClient.sendEvent(525) - responseCode = 200
2019-02-15 03:42:29 INFO  ApacheHttpClient.sendEvent(525) - responseCode = 200
2019-02-15 03:42:33 INFO  ApacheHttpClient.getWebResourceAsStream(492) - responseCode = 200
2019-02-15 03:42:33 ERROR ApacheHttpClient.getTask(482) - Ошибка во время выгрузки задачи. Убедитесь в доступности сети и попробуйте снова. : java.util.concurrent.ExecutionException
2019-02-15 03:42:33 ERROR TaskFailed.run(19) - Запрос проверки задания был завершен некорректно. Убедитесь в доступности сети и попробуйте снова. : java.io.IOException
2019-02-15 03:42:33 INFO  ApacheHttpClient.getWebResourceAsStream(492) - responseCode = 200
2019-02-15 03:42:36 INFO  ApacheHttpClient.getWebResourceAsStream(492) - responseCode = 200
2019-02-15 03:42:37 INFO  ApacheHttpClient.getWebResourceAsStream(492) - responseCode = 200
2019-02-15 03:42:37 INFO  ApacheHttpClient.getTask(477) - responseCode = 200
2019-02-15 03:42:39 INFO  ApacheHttpClient.completed(27) - responseCode = 200
2019-02-15 03:42:39 INFO  ApacheHttpClient.getTask(477) - responseCode = 200
2019-02-15 03:43:05 INFO  ApacheHttpClient.getWebResourceAsStream(492) - responseCode = 200
2019-02-15 03:43:05 INFO  ApacheHttpClient.getFilteredTasks(329) - responseCode = 200
2019-02-15 03:43:08 INFO  ApacheHttpClient.getTaskTemplateInfo(346) - responseCode = 200
2019-02-15 03:43:10 INFO  ApacheHttpClient.testConnection(188) - responseCode = 200
2019-02-15 03:43:10 INFO  ApacheHttpClient.testConnection(203) - result = true
2019-02-15 03:43:12 INFO  ApacheHttpClient.testConnection(188) - responseCode = 200
2019-02-15 03:43:12 INFO  ApacheHttpClient.testConnection(203) - result = true
2019-02-15 03:43:12 INFO  ApacheHttpClient.getWebResourceAsStream(492) - responseCode = 200
2019-02-15 03:43:29 INFO  ApacheHttpClient.sendEvent(525) - responseCode = 200
2019-02-15 03:44:29 INFO  ApacheHttpClient.sendEvent(525) - responseCode = 200
2019-02-15 03:45:29 INFO  ApacheHttpClient.sendEvent(525) - responseCode = 200
2019-02-15 03:46:17 INFO  ApacheHttpClient.getWebResourceAsStream(492) - responseCode = 200
2019-02-15 03:46:17 ERROR ApacheHttpClient.getTask(482) - Ошибка во время выгрузки задачи. Убедитесь в доступности сети и попробуйте снова. : java.util.concurrent.ExecutionException
2019-02-15 03:46:17 ERROR TaskFailed.run(19) - Запрос проверки задания был завершен некорректно. Убедитесь в доступности сети и попробуйте снова. : java.io.IOException
2019-02-15 03:46:17 INFO  ApacheHttpClient.getWebResourceAsStream(492) - responseCode = 200
2019-02-15 03:46:20 INFO  ApacheHttpClient.getWebResourceAsStream(492) - responseCode = 200
2019-02-15 03:46:20 INFO  ApacheHttpClient.getWebResourceAsStream(492) - responseCode = 200
2019-02-15 03:46:20 INFO  ApacheHttpClient.getTask(477) - responseCode = 200
2019-02-15 03:46:21 INFO  ApacheHttpClient.completed(27) - responseCode = 200
2019-02-15 03:46:22 INFO  ApacheHttpClient.getTask(477) - responseCode = 200
2019-02-15 03:46:29 INFO  ApacheHttpClient.sendEvent(525) - responseCode = 200
2019-02-15 03:47:29 ERROR ApacheHttpClient.processExceptionSendEvent(104) - (super) Ошибка во время отправки ивента на сервер.
2019-02-15 03:47:30 INFO  ApacheHttpClient.getWebResourceAsStream(492) - responseCode = 200
2019-02-15 03:47:30 INFO  ApacheHttpClient.getFilteredTasks(329) - responseCode = 200
2019-02-15 03:47:33 INFO  ApacheHttpClient.getTaskTemplateInfo(346) - responseCode = 200
2019-02-15 03:47:34 INFO  ApacheHttpClient.testConnection(188) - responseCode = 200
2019-02-15 03:47:34 INFO  ApacheHttpClient.testConnection(203) - result = true
2019-02-15 03:47:36 INFO  ApacheHttpClient.testConnection(188) - responseCode = 200
2019-02-15 03:47:36 INFO  ApacheHttpClient.testConnection(203) - result = true
2019-02-15 03:47:36 INFO  ApacheHttpClient.getWebResourceAsStream(492) - responseCode = 200
2019-02-15 03:48:29 INFO  ApacheHttpClient.sendEvent(525) - responseCode = 200
2019-02-15 03:49:29 ERROR ApacheHttpClient.processExceptionSendEvent(104) - (super) Ошибка во время отправки ивента на сервер.
2019-02-15 03:50:29 ERROR ApacheHttpClient.processExceptionSendEvent(104) - (super) Ошибка во время отправки ивента на сервер.
2019-02-15 03:51:30 INFO  ApacheHttpClient.sendEvent(525) - responseCode = 200
2019-02-15 03:51:39 INFO  ApacheHttpClient.getWebResourceAsStream(492) - responseCode = 200
2019-02-15 03:51:39 INFO  ApacheHttpClient.getWebResourceAsStream(492) - responseCode = 200
2019-02-15 03:51:39 INFO  ApacheHttpClient.getTask(477) - responseCode = 200
2019-02-15 03:51:41 INFO  ApacheHttpClient.completed(27) - responseCode = 200
2019-02-15 03:51:42 INFO  ApacheHttpClient.getTask(477) - responseCode = 200
2019-02-15 03:51:47 INFO  ApacheHttpClient.getWebResourceAsStream(492) - responseCode = 200
2019-02-15 03:51:47 INFO  ApacheHttpClient.getFilteredTasks(329) - responseCode = 200
2019-02-15 03:51:49 INFO  ApacheHttpClient.getTaskTemplateInfo(346) - responseCode = 200
2019-02-15 03:51:51 INFO  ApacheHttpClient.testConnection(188) - responseCode = 200
2019-02-15 03:51:51 INFO  ApacheHttpClient.testConnection(203) - result = true
2019-02-15 03:51:52 INFO  ApacheHttpClient.testConnection(188) - responseCode = 200
2019-02-15 03:51:52 INFO  ApacheHttpClient.testConnection(203) - result = true
2019-02-15 03:51:52 INFO  ApacheHttpClient.getWebResourceAsStream(492) - responseCode = 200
2019-02-15 03:52:29 INFO  ApacheHttpClient.sendEvent(525) - responseCode = 200
2019-02-15 03:53:29 ERROR ApacheHttpClient.processExceptionSendEvent(104) - (super) Ошибка во время отправки ивента на сервер.
2019-02-15 03:54:29 ERROR ApacheHttpClient.processExceptionSendEvent(104) - (super) Ошибка во время отправки ивента на сервер.
2019-02-15 03:55:29 ERROR ApacheHttpClient.processExceptionSendEvent(104) - (super) Ошибка во время отправки ивента на сервер.
2019-02-15 03:56:30 INFO  ApacheHttpClient.sendEvent(525) - responseCode = 200
2019-02-15 03:57:29 INFO  ApacheHttpClient.sendEvent(525) - responseCode = 200
2019-02-15 03:58:29 INFO  ApacheHttpClient.sendEvent(525) - responseCode = 200
2019-02-15 03:58:42 INFO  ApacheHttpClient.getWebResourceAsStream(492) - responseCode = 200
2019-02-15 03:58:42 INFO  ApacheHttpClient.getTask(477) - responseCode = 200
2019-02-15 03:58:42 INFO  ApacheHttpClient.getWebResourceAsStream(492) - responseCode = 200
2019-02-15 03:58:43 INFO  ApacheHttpClient.completed(27) - responseCode = 200
2019-02-15 03:58:43 INFO  ApacheHttpClient.getTask(477) - responseCode = 200
2019-02-15 03:58:48 INFO  ApacheHttpClient.getWebResourceAsStream(492) - responseCode = 200
2019-02-15 03:58:48 INFO  ApacheHttpClient.getFilteredTasks(329) - responseCode = 200
2019-02-15 03:58:50 INFO  ApacheHttpClient.getTaskTemplateInfo(346) - responseCode = 200
2019-02-15 03:58:52 INFO  ApacheHttpClient.testConnection(188) - responseCode = 200
2019-02-15 03:58:52 INFO  ApacheHttpClient.testConnection(203) - result = true
2019-02-15 03:58:53 INFO  ApacheHttpClient.testConnection(188) - responseCode = 200
2019-02-15 03:58:53 INFO  ApacheHttpClient.testConnection(203) - result = true
2019-02-15 03:58:54 INFO  ApacheHttpClient.getWebResourceAsStream(492) - responseCode = 200
2019-02-15 03:59:29 INFO  ApacheHttpClient.sendEvent(525) - responseCode = 200
2019-02-15 04:00:29 INFO  ApacheHttpClient.sendEvent(525) - responseCode = 200
2019-02-15 04:01:29 INFO  ApacheHttpClient.sendEvent(525) - responseCode = 200
2019-02-15 04:01:41 INFO  ApacheHttpClient.getWebResourceAsStream(492) - responseCode = 200
2019-02-15 04:01:41 INFO  ApacheHttpClient.getWebResourceAsStream(492) - responseCode = 200
2019-02-15 04:01:41 INFO  ApacheHttpClient.getTask(477) - responseCode = 200
2019-02-15 04:01:41 ERROR TaskFailed.run(19) - Запрос проверки задания был завершен некорректно. Убедитесь в доступности сети и попробуйте снова. : java.io.IOException
2019-02-15 04:01:45 INFO  ApacheHttpClient.getWebResourceAsStream(492) - responseCode = 200
2019-02-15 04:01:45 INFO  ApacheHttpClient.getTask(477) - responseCode = 200
2019-02-15 04:01:45 INFO  ApacheHttpClient.getWebResourceAsStream(492) - responseCode = 200
2019-02-15 04:01:47 INFO  ApacheHttpClient.completed(27) - responseCode = 200
2019-02-15 04:01:47 INFO  ApacheHttpClient.getTask(477) - responseCode = 200
2019-02-15 04:01:51 INFO  ApacheHttpClient.getWebResourceAsStream(492) - responseCode = 200
2019-02-15 04:01:51 INFO  ApacheHttpClient.getFilteredTasks(329) - responseCode = 200
2019-02-15 04:01:53 INFO  ApacheHttpClient.getTaskTemplateInfo(346) - responseCode = 200
2019-02-15 04:01:55 INFO  ApacheHttpClient.testConnection(188) - responseCode = 200
2019-02-15 04:01:55 INFO  ApacheHttpClient.testConnection(203) - result = true
2019-02-15 04:01:57 INFO  ApacheHttpClient.testConnection(188) - responseCode = 200
2019-02-15 04:01:57 INFO  ApacheHttpClient.testConnection(203) - result = true
2019-02-15 04:01:57 INFO  ApacheHttpClient.getWebResourceAsStream(492) - responseCode = 200
2019-02-15 04:02:29 INFO  ApacheHttpClient.sendEvent(525) - responseCode = 200
2019-02-15 04:03:26 INFO  ApacheHttpClient.getWebResourceAsStream(492) - responseCode = 200
2019-02-15 04:03:26 ERROR ApacheHttpClient.getTask(482) - Ошибка во время выгрузки задачи. Убедитесь в доступности сети и попробуйте снова. : java.util.concurrent.ExecutionException
2019-02-15 04:03:26 ERROR TaskFailed.run(19) - Запрос проверки задания был завершен некорректно. Убедитесь в доступности сети и попробуйте снова. : java.io.IOException
2019-02-15 04:03:27 INFO  ApacheHttpClient.getWebResourceAsStream(492) - responseCode = 200
2019-02-15 04:03:30 INFO  ApacheHttpClient.sendEvent(525) - responseCode = 200
2019-02-15 04:03:30 INFO  ApacheHttpClient.getWebResourceAsStream(492) - responseCode = 200
2019-02-15 04:03:30 INFO  ApacheHttpClient.getWebResourceAsStream(492) - responseCode = 200
2019-02-15 04:03:30 INFO  ApacheHttpClient.getTask(477) - responseCode = 200
2019-02-15 04:03:31 INFO  ApacheHttpClient.completed(27) - responseCode = 200
2019-02-15 04:03:31 INFO  ApacheHttpClient.getTask(477) - responseCode = 200
2019-02-15 04:04:29 INFO  ApacheHttpClient.sendEvent(525) - responseCode = 200
2019-02-15 04:05:29 INFO  ApacheHttpClient.sendEvent(525) - responseCode = 200
2019-02-15 04:06:29 INFO  ApacheHttpClient.sendEvent(525) - responseCode = 200
2019-02-15 04:07:30 INFO  ApacheHttpClient.sendEvent(525) - responseCode = 200
2019-02-15 04:08:29 INFO  ApacheHttpClient.sendEvent(525) - responseCode = 200
2019-02-15 04:09:29 INFO  ApacheHttpClient.sendEvent(525) - responseCode = 200
2019-02-15 04:10:29 INFO  ApacheHttpClient.sendEvent(525) - responseCode = 200
2019-02-15 04:10:42 INFO  ApacheHttpClient.getWebResourceAsStream(492) - responseCode = 200
2019-02-15 04:10:42 INFO  ApacheHttpClient.getFilteredTasks(329) - responseCode = 200
2019-02-15 04:10:56 INFO  ApacheHttpClient.getTaskTemplateInfo(346) - responseCode = 200
2019-02-15 04:10:58 INFO  ApacheHttpClient.testConnection(188) - responseCode = 200
2019-02-15 04:10:58 INFO  ApacheHttpClient.testConnection(203) - result = true
2019-02-15 04:10:59 INFO  ApacheHttpClient.testConnection(188) - responseCode = 200
2019-02-15 04:10:59 INFO  ApacheHttpClient.testConnection(203) - result = true
2019-02-15 04:10:59 INFO  ApacheHttpClient.getWebResourceAsStream(492) - responseCode = 200
2019-02-15 04:11:29 INFO  ApacheHttpClient.sendEvent(525) - responseCode = 200
2019-02-15 04:11:56 INFO  ApacheHttpClient.getWebResourceAsStream(492) - responseCode = 200
2019-02-15 04:11:56 ERROR ApacheHttpClient.getTask(482) - Ошибка во время выгрузки задачи. Убедитесь в доступности сети и попробуйте снова. : java.util.concurrent.ExecutionException
2019-02-15 04:11:56 ERROR TaskFailed.run(19) - Запрос проверки задания был завершен некорректно. Убедитесь в доступности сети и попробуйте снова. : java.io.IOException
2019-02-15 04:11:56 INFO  ApacheHttpClient.getWebResourceAsStream(492) - responseCode = 200
2019-02-15 04:12:00 INFO  ApacheHttpClient.getWebResourceAsStream(492) - responseCode = 200
2019-02-15 04:12:01 INFO  ApacheHttpClient.getWebResourceAsStream(492) - responseCode = 200
2019-02-15 04:12:01 INFO  ApacheHttpClient.getTask(477) - responseCode = 200
2019-02-15 04:12:02 INFO  ApacheHttpClient.completed(27) - responseCode = 200
2019-02-15 04:12:02 INFO  ApacheHttpClient.getTask(477) - responseCode = 200
2019-02-15 04:12:07 INFO  ApacheHttpClient.getWebResourceAsStream(492) - responseCode = 200
2019-02-15 04:12:07 INFO  ApacheHttpClient.getFilteredTasks(329) - responseCode = 200
2019-02-15 04:12:09 INFO  ApacheHttpClient.getTaskTemplateInfo(346) - responseCode = 200
2019-02-15 04:12:11 INFO  ApacheHttpClient.testConnection(188) - responseCode = 200
2019-02-15 04:12:11 INFO  ApacheHttpClient.testConnection(203) - result = true
2019-02-15 04:12:12 INFO  ApacheHttpClient.testConnection(188) - responseCode = 200
2019-02-15 04:12:12 INFO  ApacheHttpClient.testConnection(203) - result = true
2019-02-15 04:12:12 INFO  ApacheHttpClient.getWebResourceAsStream(492) - responseCode = 200
2019-02-15 04:12:29 INFO  ApacheHttpClient.sendEvent(525) - responseCode = 200
2019-02-15 04:13:29 INFO  ApacheHttpClient.sendEvent(525) - responseCode = 200
2019-02-15 04:14:29 INFO  ApacheHttpClient.sendEvent(525) - responseCode = 200
2019-02-15 04:15:29 INFO  ApacheHttpClient.sendEvent(525) - responseCode = 200
2019-02-15 04:16:29 INFO  ApacheHttpClient.sendEvent(525) - responseCode = 200
2019-02-15 04:17:29 ERROR ApacheHttpClient.processExceptionSendEvent(104) - (super) Ошибка во время отправки ивента на сервер.
2019-02-15 04:17:31 INFO  ApacheHttpClient.getWebResourceAsStream(492) - responseCode = 200
2019-02-15 04:17:31 INFO  ApacheHttpClient.getTask(477) - responseCode = 200
2019-02-15 04:17:31 ERROR ApacheHttpClient.processExceptionGetWebResource(99) - (super) Ошибка во время получения доступа к удаленному ресурсу https://javarush.ru/widget/pluginpages/tooltips	Убедитесь в доступности сети и попробуйте снова. : java.util.concurrent.ExecutionException
2019-02-15 04:17:31 ERROR AdvertisementDialog.run(194) - Ошибка во время загрузки html контента.
java.lang.NullPointerException
	at java.io.Reader.<init>(Reader.java:78)
	at java.io.InputStreamReader.<init>(InputStreamReader.java:113)
	at org.apache.commons.io.IOUtils.copy(IOUtils.java:2440)
	at org.apache.commons.io.IOUtils.toString(IOUtils.java:1084)
	at org.apache.commons.io.IOUtils.toString(IOUtils.java:1110)
	at com.javarush.plugin.dialog.AdvertisementDialog$1.run(AdvertisementDialog.java:173)
	at com.sun.javafx.application.PlatformImpl.lambda$null$5(PlatformImpl.java:295)
	at java.security.AccessController.doPrivileged(Native Method)
	at com.sun.javafx.application.PlatformImpl.lambda$runLater$6(PlatformImpl.java:294)
	at com.sun.glass.ui.InvokeLaterDispatcher$Future.run(InvokeLaterDispatcher.java:95)
	at com.sun.glass.ui.win.WinApplication._runLoop(Native Method)
	at com.sun.glass.ui.win.WinApplication.lambda$null$3(WinApplication.java:177)
	at java.lang.Thread.run(Thread.java:745)
2019-02-15 04:17:32 INFO  ApacheHttpClient.completed(27) - responseCode = 200
2019-02-15 04:18:30 INFO  ApacheHttpClient.getWebResourceAsStream(492) - responseCode = 200
2019-02-15 04:18:30 INFO  ApacheHttpClient.sendEvent(525) - responseCode = 200
2019-02-15 04:18:30 INFO  ApacheHttpClient.getTask(477) - responseCode = 200
2019-02-15 04:18:30 INFO  ApacheHttpClient.getWebResourceAsStream(492) - responseCode = 200
2019-02-15 04:18:32 INFO  ApacheHttpClient.completed(27) - responseCode = 200
2019-02-15 04:18:32 INFO  ApacheHttpClient.getTask(477) - responseCode = 200
2019-02-15 04:18:37 INFO  ApacheHttpClient.getWebResourceAsStream(492) - responseCode = 200
2019-02-15 04:18:37 INFO  ApacheHttpClient.getFilteredTasks(329) - responseCode = 200
2019-02-15 04:18:39 INFO  ApacheHttpClient.getTaskTemplateInfo(346) - responseCode = 200
2019-02-15 04:18:41 INFO  ApacheHttpClient.testConnection(188) - responseCode = 200
2019-02-15 04:18:41 INFO  ApacheHttpClient.testConnection(203) - result = true
2019-02-15 04:18:42 INFO  ApacheHttpClient.testConnection(188) - responseCode = 200
2019-02-15 04:18:42 INFO  ApacheHttpClient.testConnection(203) - result = true
2019-02-15 04:18:43 INFO  ApacheHttpClient.getTaskTemplateInfo(346) - responseCode = 200
2019-02-15 04:18:43 INFO  ApacheHttpClient.getWebResourceAsStream(492) - responseCode = 200
2019-02-15 04:18:45 INFO  ApacheHttpClient.testConnection(188) - responseCode = 200
2019-02-15 04:18:45 INFO  ApacheHttpClient.testConnection(203) - result = true
2019-02-15 04:18:46 INFO  ApacheHttpClient.testConnection(188) - responseCode = 200
2019-02-15 04:18:46 INFO  ApacheHttpClient.testConnection(203) - result = true
2019-02-15 04:18:47 INFO  ApacheHttpClient.getWebResourceAsStream(492) - responseCode = 200
2019-02-15 04:19:29 INFO  ApacheHttpClient.sendEvent(525) - responseCode = 200
2019-02-15 04:20:29 INFO  ApacheHttpClient.sendEvent(525) - responseCode = 200
2019-02-15 04:21:29 INFO  ApacheHttpClient.sendEvent(525) - responseCode = 200
2019-02-15 04:22:29 INFO  ApacheHttpClient.sendEvent(525) - responseCode = 200
2019-02-15 04:22:41 INFO  ApacheHttpClient.getWebResourceAsStream(492) - responseCode = 200
2019-02-15 04:22:41 INFO  ApacheHttpClient.getTask(477) - responseCode = 200
2019-02-15 04:22:41 ERROR TaskFailed.run(19) - Запрос проверки задания был завершен некорректно. Убедитесь в доступности сети и попробуйте снова. : java.io.IOException
2019-02-15 04:22:41 INFO  ApacheHttpClient.getWebResourceAsStream(492) - responseCode = 200
2019-02-15 04:22:43 INFO  ApacheHttpClient.getWebResourceAsStream(492) - responseCode = 200
2019-02-15 04:22:44 INFO  ApacheHttpClient.getTask(477) - responseCode = 200
2019-02-15 04:22:44 INFO  ApacheHttpClient.getWebResourceAsStream(492) - responseCode = 200
2019-02-15 04:22:45 INFO  ApacheHttpClient.completed(27) - responseCode = 200
2019-02-15 04:22:45 INFO  ApacheHttpClient.getTask(477) - responseCode = 200
2019-02-15 04:22:49 INFO  ApacheHttpClient.getWebResourceAsStream(492) - responseCode = 200
2019-02-15 04:22:49 INFO  ApacheHttpClient.getFilteredTasks(329) - responseCode = 200
2019-02-15 04:22:50 INFO  ApacheHttpClient.getTaskTemplateInfo(346) - responseCode = 200
2019-02-15 04:22:52 INFO  ApacheHttpClient.testConnection(188) - responseCode = 200
2019-02-15 04:22:52 INFO  ApacheHttpClient.testConnection(203) - result = true
2019-02-15 04:22:53 INFO  ApacheHttpClient.testConnection(188) - responseCode = 200
2019-02-15 04:22:53 INFO  ApacheHttpClient.testConnection(203) - result = true
2019-02-15 04:22:54 INFO  ApacheHttpClient.getWebResourceAsStream(492) - responseCode = 200
2019-02-15 04:23:29 INFO  ApacheHttpClient.sendEvent(525) - responseCode = 200
2019-02-15 04:24:29 ERROR ApacheHttpClient.processExceptionSendEvent(104) - (super) Ошибка во время отправки ивента на сервер.
2019-02-15 04:25:01 ERROR ApacheHttpClient.getServerAvailabilityStatus(558) - Ошибка во время проверки доступности сервера. : java.util.concurrent.ExecutionException
2019-02-15 04:25:01 WARN  ValidateButton.isServerAvailable(74) - Сервер Javarush недоступен. Подождите немного, перезапустите IntelliJ IDEA и повторите попытку.
2019-02-15 04:25:04 INFO  ApacheHttpClient.getWebResourceAsStream(492) - responseCode = 200
2019-02-15 04:25:05 INFO  ApacheHttpClient.getWebResourceAsStream(492) - responseCode = 200
2019-02-15 04:25:05 INFO  ApacheHttpClient.getTask(477) - responseCode = 200
2019-02-15 04:25:06 INFO  ApacheHttpClient.completed(27) - responseCode = 200
2019-02-15 04:25:06 INFO  ApacheHttpClient.getTask(477) - responseCode = 200
2019-02-15 04:25:10 INFO  ApacheHttpClient.getWebResourceAsStream(492) - responseCode = 200
2019-02-15 04:25:10 INFO  ApacheHttpClient.getFilteredTasks(329) - responseCode = 200
2019-02-15 04:25:13 INFO  ApacheHttpClient.getTaskTemplateInfo(346) - responseCode = 200
2019-02-15 04:25:15 INFO  ApacheHttpClient.testConnection(188) - responseCode = 200
2019-02-15 04:25:15 INFO  ApacheHttpClient.testConnection(203) - result = true
2019-02-15 04:25:16 INFO  ApacheHttpClient.testConnection(188) - responseCode = 200
2019-02-15 04:25:16 INFO  ApacheHttpClient.testConnection(203) - result = true
2019-02-15 04:25:17 INFO  ApacheHttpClient.getWebResourceAsStream(492) - responseCode = 200
2019-02-15 04:25:29 INFO  ApacheHttpClient.sendEvent(525) - responseCode = 200
2019-02-15 04:26:29 ERROR ApacheHttpClient.processExceptionSendEvent(104) - (super) Ошибка во время отправки ивента на сервер.
2019-02-15 04:27:29 ERROR ApacheHttpClient.processExceptionSendEvent(104) - (super) Ошибка во время отправки ивента на сервер.
2019-02-15 04:28:23 ERROR ApacheHttpClient.getServerAvailabilityStatus(558) - Ошибка во время проверки доступности сервера. : java.util.concurrent.ExecutionException
2019-02-15 04:28:23 WARN  ValidateButton.isServerAvailable(74) - Сервер Javarush недоступен. Подождите немного, перезапустите IntelliJ IDEA и повторите попытку.
2019-02-15 04:28:27 INFO  ApacheHttpClient.getWebResourceAsStream(492) - responseCode = 200
2019-02-15 04:28:27 INFO  ApacheHttpClient.getTask(477) - responseCode = 200
2019-02-15 04:28:27 INFO  ApacheHttpClient.getWebResourceAsStream(492) - responseCode = 200
2019-02-15 04:28:28 INFO  ApacheHttpClient.completed(27) - responseCode = 200
2019-02-15 04:28:28 INFO  ApacheHttpClient.getTask(477) - responseCode = 200
2019-02-15 04:28:29 INFO  ApacheHttpClient.sendEvent(525) - responseCode = 200
2019-02-15 04:28:39 INFO  ApacheHttpClient.getWebResourceAsStream(492) - responseCode = 200
2019-02-15 04:28:39 INFO  ApacheHttpClient.getFilteredTasks(329) - responseCode = 200
2019-02-15 04:28:41 INFO  ApacheHttpClient.getTaskTemplateInfo(346) - responseCode = 200
2019-02-15 04:28:43 INFO  ApacheHttpClient.testConnection(188) - responseCode = 200
2019-02-15 04:28:43 INFO  ApacheHttpClient.testConnection(203) - result = true
2019-02-15 04:28:44 INFO  ApacheHttpClient.testConnection(188) - responseCode = 200
2019-02-15 04:28:44 INFO  ApacheHttpClient.testConnection(203) - result = true
2019-02-15 04:28:44 INFO  ApacheHttpClient.getWebResourceAsStream(492) - responseCode = 200
2019-02-15 04:29:29 INFO  ApacheHttpClient.sendEvent(525) - responseCode = 200
2019-02-15 04:29:40 INFO  ApacheHttpClient.getWebResourceAsStream(492) - responseCode = 200
2019-02-15 04:29:41 INFO  ApacheHttpClient.getWebResourceAsStream(492) - responseCode = 200
2019-02-15 04:29:41 INFO  ApacheHttpClient.getTask(477) - responseCode = 200
2019-02-15 04:29:41 ERROR TaskFailed.run(19) - Запрос проверки задания был завершен некорректно. Убедитесь в доступности сети и попробуйте снова. : java.io.IOException
2019-02-15 04:29:43 INFO  ApacheHttpClient.getWebResourceAsStream(492) - responseCode = 200
2019-02-15 04:29:44 INFO  ApacheHttpClient.getWebResourceAsStream(492) - responseCode = 200
2019-02-15 04:29:44 INFO  ApacheHttpClient.getTask(477) - responseCode = 200
2019-02-15 04:29:45 INFO  ApacheHttpClient.completed(27) - responseCode = 200
2019-02-15 04:29:45 INFO  ApacheHttpClient.getTask(477) - responseCode = 200
2019-02-15 04:29:49 INFO  ApacheHttpClient.getWebResourceAsStream(492) - responseCode = 200
2019-02-15 04:29:50 INFO  ApacheHttpClient.getFilteredTasks(329) - responseCode = 200
2019-02-15 04:29:51 INFO  ApacheHttpClient.getTaskTemplateInfo(346) - responseCode = 200
2019-02-15 04:29:53 INFO  ApacheHttpClient.testConnection(188) - responseCode = 200
2019-02-15 04:29:53 INFO  ApacheHttpClient.testConnection(203) - result = true
2019-02-15 04:29:55 INFO  ApacheHttpClient.testConnection(188) - responseCode = 200
2019-02-15 04:29:55 INFO  ApacheHttpClient.testConnection(203) - result = true
2019-02-15 04:29:55 INFO  ApacheHttpClient.getWebResourceAsStream(492) - responseCode = 200
2019-02-15 04:30:29 INFO  ApacheHttpClient.sendEvent(525) - responseCode = 200
2019-02-15 04:31:28 INFO  ApacheHttpClient.getWebResourceAsStream(492) - responseCode = 200
2019-02-15 04:31:28 ERROR ApacheHttpClient.getTask(482) - Ошибка во время выгрузки задачи. Убедитесь в доступности сети и попробуйте снова. : java.util.concurrent.ExecutionException
2019-02-15 04:31:28 ERROR TaskFailed.run(19) - Запрос проверки задания был завершен некорректно. Убедитесь в доступности сети и попробуйте снова. : java.io.IOException
2019-02-15 04:31:28 INFO  ApacheHttpClient.getWebResourceAsStream(492) - responseCode = 200
2019-02-15 04:31:29 INFO  ApacheHttpClient.sendEvent(525) - responseCode = 200
2019-02-15 04:31:32 INFO  ApacheHttpClient.getWebResourceAsStream(492) - responseCode = 200
2019-02-15 04:31:32 INFO  ApacheHttpClient.getWebResourceAsStream(492) - responseCode = 200
2019-02-15 04:31:32 INFO  ApacheHttpClient.getTask(477) - responseCode = 200
2019-02-15 04:31:33 INFO  ApacheHttpClient.completed(27) - responseCode = 200
2019-02-15 04:31:34 INFO  ApacheHttpClient.getTask(477) - responseCode = 200
2019-02-15 04:31:38 INFO  ApacheHttpClient.getWebResourceAsStream(492) - responseCode = 200
2019-02-15 04:31:38 INFO  ApacheHttpClient.getFilteredTasks(329) - responseCode = 200
2019-02-15 04:32:29 INFO  ApacheHttpClient.sendEvent(525) - responseCode = 200
2019-02-15 04:33:29 ERROR ApacheHttpClient.processExceptionSendEvent(104) - (super) Ошибка во время отправки ивента на сервер.
2019-02-15 04:34:29 ERROR ApacheHttpClient.processExceptionSendEvent(104) - (super) Ошибка во время отправки ивента на сервер.
2019-02-15 04:35:29 ERROR ApacheHttpClient.processExceptionSendEvent(104) - (super) Ошибка во время отправки ивента на сервер.
2019-02-15 04:36:30 INFO  ApacheHttpClient.sendEvent(525) - responseCode = 200
2019-02-15 04:37:29 INFO  ApacheHttpClient.sendEvent(525) - responseCode = 200
2019-02-15 04:38:29 INFO  ApacheHttpClient.sendEvent(525) - responseCode = 200
2019-02-15 04:39:29 INFO  ApacheHttpClient.sendEvent(525) - responseCode = 200
2019-02-15 04:40:29 ERROR ApacheHttpClient.processExceptionSendEvent(104) - (super) Ошибка во время отправки ивента на сервер.
2019-02-15 04:40:56 INFO  ApacheHttpClient.getWebResourceAsStream(492) - responseCode = 200
2019-02-15 04:40:56 INFO  ApacheHttpClient.getFilteredTasks(329) - responseCode = 200
2019-02-15 04:40:57 INFO  ApacheHttpClient.getTaskTemplateInfo(346) - responseCode = 200
2019-02-15 04:40:59 INFO  ApacheHttpClient.testConnection(188) - responseCode = 200
2019-02-15 04:40:59 INFO  ApacheHttpClient.testConnection(203) - result = true
2019-02-15 04:41:00 INFO  ApacheHttpClient.testConnection(188) - responseCode = 200
2019-02-15 04:41:00 INFO  ApacheHttpClient.testConnection(203) - result = true
2019-02-15 04:41:01 INFO  ApacheHttpClient.getWebResourceAsStream(492) - responseCode = 200
2019-02-15 04:41:29 INFO  ApacheHttpClient.sendEvent(525) - responseCode = 200
2019-02-15 04:41:53 INFO  ApacheHttpClient.getWebResourceAsStream(492) - responseCode = 200
2019-02-15 04:41:54 INFO  ApacheHttpClient.getWebResourceAsStream(492) - responseCode = 200
2019-02-15 04:41:54 INFO  ApacheHttpClient.getTask(477) - responseCode = 200
2019-02-15 04:41:55 INFO  ApacheHttpClient.completed(27) - responseCode = 200
2019-02-15 04:41:55 INFO  ApacheHttpClient.getTask(477) - responseCode = 200
2019-02-15 04:41:59 INFO  ApacheHttpClient.getWebResourceAsStream(492) - responseCode = 200
2019-02-15 04:41:59 INFO  ApacheHttpClient.getFilteredTasks(329) - responseCode = 200
2019-02-15 04:42:00 INFO  ApacheHttpClient.getTaskTemplateInfo(346) - responseCode = 200
2019-02-15 04:42:02 INFO  ApacheHttpClient.testConnection(188) - responseCode = 200
2019-02-15 04:42:02 INFO  ApacheHttpClient.testConnection(203) - result = true
2019-02-15 04:42:03 INFO  ApacheHttpClient.testConnection(188) - responseCode = 200
2019-02-15 04:42:03 INFO  ApacheHttpClient.testConnection(203) - result = true
2019-02-15 04:42:03 INFO  ApacheHttpClient.getWebResourceAsStream(492) - responseCode = 200
2019-02-15 04:42:29 INFO  ApacheHttpClient.sendEvent(525) - responseCode = 200
2019-02-15 04:43:29 ERROR ApacheHttpClient.processExceptionSendEvent(104) - (super) Ошибка во время отправки ивента на сервер.
2019-02-15 04:44:26 ERROR ApacheHttpClient.getServerAvailabilityStatus(558) - Ошибка во время проверки доступности сервера. : java.util.concurrent.ExecutionException
2019-02-15 04:44:26 WARN  ValidateButton.isServerAvailable(74) - Сервер Javarush недоступен. Подождите немного, перезапустите IntelliJ IDEA и повторите попытку.
2019-02-15 04:44:28 ERROR ApacheHttpClient.getServerAvailabilityStatus(558) - Ошибка во время проверки доступности сервера. : java.util.concurrent.ExecutionException
2019-02-15 04:44:28 WARN  ValidateButton.isServerAvailable(74) - Сервер Javarush недоступен. Подождите немного, перезапустите IntelliJ IDEA и повторите попытку.
2019-02-15 04:44:30 INFO  ApacheHttpClient.sendEvent(525) - responseCode = 200
2019-02-15 04:44:32 INFO  ApacheHttpClient.getWebResourceAsStream(492) - responseCode = 200
2019-02-15 04:44:32 INFO  ApacheHttpClient.getTask(477) - responseCode = 200
2019-02-15 04:44:32 INFO  ApacheHttpClient.getWebResourceAsStream(492) - responseCode = 200
2019-02-15 04:44:34 INFO  ApacheHttpClient.completed(27) - responseCode = 200
2019-02-15 04:44:34 INFO  ApacheHttpClient.getTask(477) - responseCode = 200
2019-02-15 04:44:37 INFO  ApacheHttpClient.getWebResourceAsStream(492) - responseCode = 200
2019-02-15 04:44:37 INFO  ApacheHttpClient.getFilteredTasks(329) - responseCode = 200
2019-02-15 04:44:40 INFO  ApacheHttpClient.getTaskTemplateInfo(346) - responseCode = 200
2019-02-15 04:44:41 INFO  ApacheHttpClient.testConnection(188) - responseCode = 200
2019-02-15 04:44:41 INFO  ApacheHttpClient.testConnection(203) - result = true
2019-02-15 04:44:43 INFO  ApacheHttpClient.testConnection(188) - responseCode = 200
2019-02-15 04:44:43 INFO  ApacheHttpClient.testConnection(203) - result = true
2019-02-15 04:44:43 INFO  ApacheHttpClient.getWebResourceAsStream(492) - responseCode = 200
2019-02-15 04:45:29 INFO  ApacheHttpClient.sendEvent(525) - responseCode = 200
2019-02-15 04:46:29 ERROR ApacheHttpClient.processExceptionSendEvent(104) - (super) Ошибка во время отправки ивента на сервер.
2019-02-15 04:47:29 ERROR ApacheHttpClient.processExceptionSendEvent(104) - (super) Ошибка во время отправки ивента на сервер.
2019-02-15 04:48:30 INFO  ApacheHttpClient.sendEvent(525) - responseCode = 200
2019-02-15 04:49:29 INFO  ApacheHttpClient.sendEvent(525) - responseCode = 200
2019-02-15 04:50:29 INFO  ApacheHttpClient.sendEvent(525) - responseCode = 200
2019-02-15 04:50:44 INFO  ApacheHttpClient.getWebResourceAsStream(492) - responseCode = 200
2019-02-15 04:50:45 INFO  ApacheHttpClient.getWebResourceAsStream(492) - responseCode = 200
2019-02-15 04:50:45 INFO  ApacheHttpClient.getTask(477) - responseCode = 200
2019-02-15 04:50:46 INFO  ApacheHttpClient.completed(27) - responseCode = 200
2019-02-15 04:50:46 INFO  ApacheHttpClient.getTask(477) - responseCode = 200
2019-02-15 04:50:50 INFO  ApacheHttpClient.getWebResourceAsStream(492) - responseCode = 200
2019-02-15 04:50:51 INFO  ApacheHttpClient.getFilteredTasks(329) - responseCode = 200
2019-02-15 04:51:29 INFO  ApacheHttpClient.sendEvent(525) - responseCode = 200
2019-02-15 04:52:30 INFO  ApacheHttpClient.sendEvent(525) - responseCode = 200
